Configuring x509-1.6.3...
Building x509-1.6.3...
Preprocessing library x509-1.6.3...
[ 1 of 13] Compiling Data.X509.OID    ( Data/X509/OID.hs, dist/dist-sandbox-9ed4dd06/build/Data/X509/OID.o )
[ 2 of 13] Compiling Data.X509.Internal ( Data/X509/Internal.hs, dist/dist-sandbox-9ed4dd06/build/Data/X509/Internal.o )
[ 3 of 13] Compiling Data.X509.DistinguishedName ( Data/X509/DistinguishedName.hs, dist/dist-sandbox-9ed4dd06/build/Data/X509/DistinguishedName.o )
[ 4 of 13] Compiling Data.X509.ExtensionRaw ( Data/X509/ExtensionRaw.hs, dist/dist-sandbox-9ed4dd06/build/Data/X509/ExtensionRaw.o )
[ 5 of 13] Compiling Data.X509.Ext    ( Data/X509/Ext.hs, dist/dist-sandbox-9ed4dd06/build/Data/X509/Ext.o )

Data/X509/Ext.hs:42:1: Warning:
    The import of ‘Data.X509.Internal’ is redundant
      except perhaps to import instances from ‘Data.X509.Internal’
    To import instances alone, use: import Data.X509.Internal()
[ 6 of 13] Compiling Data.X509.AlgorithmIdentifier ( Data/X509/AlgorithmIdentifier.hs, dist/dist-sandbox-9ed4dd06/build/Data/X509/AlgorithmIdentifier.o )
[ 7 of 13] Compiling Data.X509.CRL    ( Data/X509/CRL.hs, dist/dist-sandbox-9ed4dd06/build/Data/X509/CRL.o )
[ 8 of 13] Compiling Data.X509.Signed ( Data/X509/Signed.hs, dist/dist-sandbox-9ed4dd06/build/Data/X509/Signed.o )
[ 9 of 13] Compiling Data.X509.PublicKey ( Data/X509/PublicKey.hs, dist/dist-sandbox-9ed4dd06/build/Data/X509/PublicKey.o )
[10 of 13] Compiling Data.X509.Cert   ( Data/X509/Cert.hs, dist/dist-sandbox-9ed4dd06/build/Data/X509/Cert.o )
[11 of 13] Compiling Data.X509.CertificateChain ( Data/X509/CertificateChain.hs, dist/dist-sandbox-9ed4dd06/build/Data/X509/CertificateChain.o )
[12 of 13] Compiling Data.X509.PrivateKey ( Data/X509/PrivateKey.hs, dist/dist-sandbox-9ed4dd06/build/Data/X509/PrivateKey.o )
[13 of 13] Compiling Data.X509        ( Data/X509.hs, dist/dist-sandbox-9ed4dd06/build/Data/X509.o )
In-place registering x509-1.6.3...
Creating package registration file: /tmp/pkgConf-x509-1.620944.3
Installing library in
/home/codeonwort/haskell/projects/democracybot/.cabal-sandbox/lib/x86_64-linux-ghc-7.8.4/x509-1.6.3
Registering x509-1.6.3...
